  20.35914  0.00000  0.00000  0.00000  0.00000  0.00000 0.00000  0.00000 
  40.71828  0.00000  0.00000  0.00000  0.00000  0.00000 0.00000  0.00000 
  61.07741  0.00000  0.00000  0.00000  0.00000  0.00000 0.00000  0.00000 
  81.43655  0.00000  0.00000  0.00000  0.00000  0.00000 0.00000  0.00000 
  101.79569  0.00000  0.00000  0.00000  0.00000  0.00000 0.00000  0.00000 
  122.15483  0.00000  0.00000  0.00000  0.00000  0.00000 0.00000  0.00000 
  142.51396  0.00000  0.00000  0.00000  0.00000  0.00000 0.00000  0.00000 
  162.87310  0.00000  0.00000  0.00000  0.00000  0.00000 0.00000  0.00000 
  183.23224  0.00000  0.00000  0.00000  0.00000  0.00000 0.00000  0.00000 
  203.59138  0.00000  0.00000  0.00000  0.00000  0.00000 0.00000  0.00000 
  223.95051  0.00000  18.23299  0.00000  7.14384  0.00000 0.00000  4.10333 
  244.30965  12.56070  42.23203  0.00000  1.26974  28.02882 45.89599  19.25211 
  264.66879  19.50980  100.71336  6.09948  5.44699  0.00000 0.00000  84.84983 
  285.02793  0.00000  0.00000  0.00000  30.21464  13.58812 8.62162  0.00000 
  305.38706  0.00000  18.83495  2.29694  0.00000  16.51988 3.28353  26.18843 
  325.74620  15.27511  30.93291  2.43140  31.98087  32.99137 27.07797  40.56283 
  346.10534  8.86256  38.17573  15.40521  8.21312  0.00000 20.10994  52.80107 
  366.46448  1.51308  7.55782  12.04570  27.11179  15.48438 13.10920  19.95184 
  386.82361  8.60121  14.67078  41.02793  24.83040  10.71268 20.49272  30.70748 
  407.18275  11.01755  12.01692  55.12079  36.66570  11.92407 45.86507  0.00000 
  427.54189  12.55181  8.30436  69.97588  25.32215  12.91695 30.47130  28.13913 
  447.90103  27.21883  0.84775  81.56182  48.54924  33.45384 53.54699  49.50389 
  468.26016  42.60968  14.99475  104.48808  86.69166  45.95698 71.63478  40.37404 
  488.61930  48.21158  3.97502  90.17939  124.95169  78.30380 85.38416  19.28926 
  508.97844  27.57051  25.51747  0.00000  13.32357  74.02842 63.76661  105.93247 
  529.33758  15.55152  21.66078  43.17820  40.80614  0.00000 92.01470  0.00000 
  549.69671  0.00000  1.98144  41.46370  0.00000  10.48101 0.00000  23.91976 
  570.05585  19.58428  9.47944  49.74628  21.24754  28.78647 40.44291  49.04606 
  590.41499  34.80639  17.03670  50.13153  20.65639  54.57187 61.77019  89.31181 
  610.77413  40.16241  50.20138  49.88268  37.72130  35.90627 65.14150  90.15863 
  631.13326  13.92436  16.71654  52.73499  47.91611  8.33739 31.56153  17.71395 
  651.49240  4.90736  5.29187  46.64425  25.70695  8.60260 33.01277  5.01719 
  671.85154  7.40174  0.00000  49.08593  31.44851  26.24414 34.85130  1.00916 
  692.21068  8.55785  8.55676  45.61682  33.44724  2.45797 55.79630  4.82544 
  712.56981  6.11425  11.49510  40.36239  32.33816  0.00000 36.36852  16.59958 
  732.92895  12.70972  19.12790  40.04645  25.13893  19.98771 60.18086  11.36388 
  753.28809  2.15288  7.73644  39.93511  31.00232  8.41401 12.61063  11.91529 
  773.64723  28.68394  2.21139  43.14358  39.77561  22.85387 30.84134  131.08357 
  794.00636  15.35824  14.70322  46.55607  38.70249  26.23755 11.12718  51.73776 
  814.36550  0.00000  8.14759  18.29373  30.28374  8.43121 12.70649  18.16124 
  834.72464  4.50509  11.34287  34.02967  31.53570  13.05696 27.08029  7.71088 
  855.08378  11.90338  21.37751  35.79875  35.25322  18.74532 33.21724  26.45582 
  875.44292  10.01366  20.77188  34.62324  33.27487  18.47096 29.09534  24.97509 
  895.80205  9.57008  15.16016  28.87942  40.56237  12.86323 30.58727  32.19932 
  916.16119  9.89362  21.84385  34.92840  25.59609  19.91569 32.84258  28.76815 
  936.52033  13.29798  29.90632  35.23821  33.10914  20.51887 39.25783  27.99241 
  956.87947  24.58070  54.95070  40.05884  37.29117  41.33431 23.47420  58.31168 
  977.23860  2.82457  4.99687  31.94786  36.97891  7.55697 34.30472  10.80066 
  997.59774  31.89603  123.85077  38.84447  31.25755  18.32223 63.45869  26.98280 
  1017.95690  4.70432  0.00000  45.02703  40.17237  8.45046 9.72891  37.88931 
  1038.31600  17.60035  46.91177  41.42370  46.90491  17.09044 27.53699  39.36151 
  1058.67520  13.57322  16.16307  36.41119  45.40717  13.19920 38.86901  45.60194 
  1079.03430  24.50503  32.27370  40.34339  56.24745  21.22278 48.74628  62.99389 
  1099.39340  31.53040  41.02945  52.74722  77.19272  11.58950 58.02901  63.97690 
  1119.75260  49.94398  22.95912  60.42803  176.64367  19.01779 13.35834  123.22436 
  1140.11170  5.92104  23.25132  24.67207  80.17896  23.97639 0.00000  0.00000 
  1160.47080  16.27788  40.02990  44.12416  62.06272  23.36818 32.53127  10.04107 
  1180.83000  10.39696  32.52836  49.42067  4.48279  32.36193 35.55115  20.46442 
  1201.18910  25.99852  35.44411  66.80493  30.57867  46.99420 40.23288  46.30138 
  1221.54830  30.67973  49.31503  25.34997  99.83229  6.11709 43.13659  68.62997 
  1241.90740  21.45992  38.62549  59.26052  70.59333  17.67555 39.91468  8.93004 
  1262.26650  50.21196  77.00082  98.50622  65.19160  39.49728 75.87089  49.38252 
  1282.62570  0.00000  0.00000  39.01034  19.20753  12.96669 30.93055  0.00000 
  1302.98480  18.71419  27.10709  88.26908  0.00000  28.27492 41.89131  29.92766 
  1323.34390  32.03150  31.68340  125.47039  12.30622  33.88271 50.15130  42.09727 
  1343.70310  70.19472  38.23148  266.71708  14.24270  67.90237 100.30823  37.38619 
  1364.06220  47.53019  38.03199  235.52435  1.54551  26.23217 38.54978  49.13441 
  1384.42140  57.00655  30.58496  262.87946  13.09235  74.48849 65.04857  0.00000 
  1404.78050  12.83461  46.31880  71.44193  13.08208  5.23090 21.00279  22.30430 
  1425.13960  7.17620  47.45061  35.47686  18.54020  0.00000 16.51095  25.77036 
  1445.49880  9.80940  49.54453  21.66654  18.56809  5.85664 23.77937  37.70494 
  1465.85790  10.27158  57.71016  10.44372  23.53191  11.62516 19.23980  34.91436 
  1486.21700  13.79857  59.87851  24.87374  13.33805  16.08355 27.82801  34.19711 
  1506.57620  80.15961  199.73150  153.62757  78.22508  19.86857 74.40568  46.07873 
  1526.93530  22.92045  65.15886  14.02667  20.33588  25.58156 49.49350  51.47759 
  1547.29450  5.20649  23.03216  22.02725  8.17655  14.54175 15.15668  34.42782 
  1567.65360  14.92722  40.53743  27.73128  8.26901  13.57890 21.46508  61.67684 
  1588.01270  27.75180  79.78299  26.22653  16.47269  18.88566 36.52318  69.88685 
  1608.37190  1.72756  35.66099  0.00000  17.65715  19.82450 13.11872  2.94299 
  1628.73100  1.95640  27.70685  16.62718  10.81466  20.29317 12.23743  0.04409 
  1649.09010  19.57568  89.52485  31.64168  28.62091  19.35747 17.40453  4.03557 
  1669.44930  29.92035  135.76860  6.35986  41.56685  28.06050 18.99751  19.04566 
  1689.80840  10.25483  14.63700  15.54690  12.42529  40.24051 40.55301  5.54905 
  1710.16760  0.00000  0.00000  19.25765  13.54453  0.00000 21.15664  10.60999 
  1730.52670  8.19916  4.55794  22.58943  14.35224  18.86270 39.45740  11.94125 
  1750.88580  10.62003  13.87554  26.50445  12.63450  21.24206 36.74427  13.28269 
  1771.24500  16.31461  20.99831  34.99617  14.66746  21.77172 45.29026  18.72427 
  1791.60410  25.88785  22.53967  29.35496  17.61582  65.51005 62.91955  13.94484 
  1811.96320  0.00000  0.17854  0.00000  17.17115  0.00000 28.74374  8.46160 
  1832.32240  0.15125  6.24082  14.67168  10.35487  10.86046 0.00000  13.33759 
  1852.68150  3.13398  11.64083  22.01432  8.33446  5.71640 11.86010  13.28971 
  1873.04070  4.28833  15.93558  13.21830  11.69831  13.66694 10.28683  14.47003 
  1893.39980  5.80992  14.29854  18.19825  11.31785  16.97283 8.92554  18.18652 
  1913.75890  5.32493  15.73023  19.28914  9.55474  13.39839 11.82728  14.68390 
  1934.11810  6.54527  14.55598  21.07236  11.37272  14.16237 14.16793  15.96846 
  1954.47720  7.17441  17.34327  18.45162  11.16994  15.58733 15.61650  16.39999 
  1974.83630  7.50600  18.52413  19.40441  11.69300  16.42903 15.72956  14.27210 
  1995.19550  9.94618  19.38871  25.99124  12.26186  21.02053 15.14924  16.37575 
  2015.55460  5.10179  12.13415  16.20112  10.93148  13.88563 14.77820  12.68448 
  2035.91380  6.64881  15.26246  19.86617  11.58976  13.42583 14.99176  14.25520 
  2056.27290  7.00574  16.71860  13.41549  13.15832  17.84262 15.16827  14.72351 
  2076.63200  6.92106  18.93488  14.44076  12.24811  11.93128 16.33950  16.11825 
  2096.99120  5.63610  16.05806  16.89984  11.38584  11.91191 13.47163  12.06980 
  2117.35030  5.87041  15.01934  15.87971  11.26032  13.88918 15.28146  11.36693 
  2137.70940  5.64843  15.65591  16.85858  11.70852  11.75869 12.88955  11.98788 
  2158.06860  5.91005  17.61433  17.18520  11.74387  9.92176 14.30217  11.15557 
  2178.42770  6.03477  14.52536  16.72047  13.32378  11.31278 14.06040  12.22250 
  2198.78690  5.91678  14.24759  17.31491  12.42946  11.58522 13.84818  11.52599 
  2219.14600  6.30960  16.41680  16.32491  13.55221  11.70673 13.72383  11.07786 
  2239.50510  6.05270  14.92644  16.07742  13.04708  11.79921 13.82976  11.07507 
  2259.86430  6.55934  16.15258  17.93171  12.55204  11.84948 13.44167  11.36137 
  2280.22340  6.06695  13.58893  16.77982  12.52688  12.42897 13.51393  10.99005 
  2300.58250  6.67392  15.36465  14.07446  13.84695  15.92823 12.90980  10.84030 
  2320.94170  5.25814  14.46170  14.92895  12.14044  8.16607 13.71250  10.55412 
  2341.30080  6.04804  14.05694  14.64229  14.42229  11.38722 13.05748  10.63105 
  2361.66000  6.27580  16.41868  14.13799  14.83852  10.22905 12.64833  10.78531 
  2382.01910  5.12271  14.30100  13.39972  12.65561  10.51800 10.90969  9.84930 
  2402.37820  4.83898  9.44205  14.50860  13.00440  10.64645 11.94724  9.87625 
  2422.73740  5.55373  11.10482  13.75539  16.02994  10.36651 12.01280  9.93805 
  2443.09650  6.98483  10.77654  14.19292  24.16317  10.12477 12.61646  9.41427 
  2463.45560  6.30385  11.45764  13.56556  18.83359  9.74284 12.99785  10.09887 
  2483.81480  4.82571  10.89101  13.81816  12.87279  9.65714 11.56056  8.52186 
  2504.17390  2.46207  11.38415  13.40203  0.00000  9.78303 9.60633  8.45817 
  2524.53310  4.31472  13.46685  13.81389  4.99134  11.24297 11.27531  8.22293 
  2544.89220  4.55567  10.07127  11.67713  9.30649  11.42453 12.34136  8.90196 
  2565.25130  4.22363  10.16646  12.98981  11.28732  10.33743 7.13384  9.07938 
  2585.61050  4.18950  10.27362  14.34179  8.74375  8.97152 9.64614  8.07631 
  2605.96960  3.66840  10.02246  12.44984  7.36530  9.10549 9.20147  8.04567 
  2626.32870  3.22467  11.09632  12.52132  5.63859  7.73069 7.84350  7.96115 
  2646.68790  2.82180  9.12830  10.32285  6.72046  7.78866 8.93937  6.73840 
  2667.04700  3.19080  8.63450  11.57878  7.68489  7.53272 8.68908  6.99576 
  2687.40620  3.40794  9.01984  12.18385  7.23447  8.23195 8.26881  6.74337 
  2707.76530  3.82069  9.71390  14.41435  7.88674  7.98216 7.91251  5.51281 
  2728.12440  7.08681  11.04547  26.15127  11.45168  8.48305 8.71279  6.43863 
  2748.48360  1.70444  8.38603  4.60198  7.15765  6.39741 7.40324  5.30609 
  2768.84270  2.48324  7.54720  7.47179  6.74884  8.01473 7.50475  5.90162 
  2789.20180  1.82217  8.91643  5.43446  5.67845  5.93903 7.01497  5.50286 
  2809.56100  2.26319  7.41883  7.46536  5.18189  7.34232 7.59908  5.38852 
  2829.92010  2.64136  9.40917  6.87500  6.54517  7.60460 6.22155  5.27325 
  2850.27930  2.22529  7.18971  7.62736  6.22581  5.54265 6.89024  5.22024 
  2870.63840  2.44396  8.81695  8.29357  5.00172  5.94391 6.46328  4.75233 
  2890.99750  1.31908  4.24800  6.30433  4.49589  5.82769 6.25718  4.65305 
  2911.35670  1.29824  5.70235  4.65608  5.15903  5.80825 5.20953  4.38959 
  2931.71580  1.76617  5.77461  6.01009  5.32662  5.99764 5.50461  4.38254 
  2952.07490  2.16997  5.74744  6.84471  4.90667  7.67961 5.43975  4.06442 
  2972.43410  1.83909  6.17896  6.29731  4.15702  5.68366 5.55516  4.08895 
  2992.79320  1.98306  6.61531  6.71513  3.57938  6.41059 4.87017  3.89800 
  3013.15240  2.94116  5.64374  9.95859  4.83935  7.83672 4.90640  3.91612 
  3033.51150  1.79547  6.55438  2.61724  3.53839  7.94398 5.17804  3.65845 
  3053.87060  1.05874  3.99409  6.69735  4.09666  2.14773 3.93698  3.46095 
  3074.22980  2.88801  4.21669  2.73965  4.69143  15.87324 3.98077  3.07132 
  3094.58890  1.37197  4.33387  3.87018  2.32369  5.54923 5.47855  3.18502 
  3114.94800  0.18369  3.87575  4.09772  3.01126  0.00000 3.06141  2.82844 
  3135.30720  1.21451  3.57145  5.44099  3.16780  3.67351 3.83307  2.55599 
  3155.66630  1.45209  5.08786  6.14318  2.80027  3.79013 2.49992  2.53017 
  3176.02550  0.92620  3.46741  3.42436  2.63840  3.84819 3.16845  2.33272 
  3196.38460  0.53895  1.99177  2.68204  2.37306  3.90253 2.45663  2.33330 
  3216.74370  0.54853  2.65124  2.99566  2.49781  2.19905 2.61031  2.02607 
  3237.10290  0.29120  2.67209  0.62063  2.34830  2.72956 2.34991  1.89893 
  3257.46200  0.65582  2.61654  1.79088  2.39237  2.85511 2.34956  1.98596 
  3277.82110  0.75367  2.54776  1.94568  2.24323  3.37669 2.00952  1.63790 
  3298.18030  0.38425  1.81049  2.01886  1.66345  1.91846 1.85494  1.46137 
  3318.53940  0.30273  2.35349  0.48238  2.17960  1.46798 1.64046  1.29784 
  3338.89860  0.20351  1.52585  1.17443  1.17154  1.37377 1.54999  1.21409 
  3359.25770  0.25094  1.59830  1.10741  0.96145  1.29343 1.32673  1.19024 
  3379.61680  0.23588  0.89831  1.06128  1.13798  1.44240 1.21037  0.82020 
  3399.97600  0.21237  0.97040  1.13254  0.68643  0.96374 1.12441  0.73527 
  3420.33510  0.17831  1.14121  0.44290  0.92784  0.68550 0.81106  0.58317 
  3440.69420  0.32728  1.41370  0.37947  0.71364  0.94198 0.69145  0.52860 
  3461.05340  0.03693  0.00000  0.31124  0.04482  0.78582 0.48253  0.48563 
  3481.41250  0.00000  0.26183  0.00000  0.05015  0.50521 0.10028  0.00000 
  3501.77170  0.00000  0.00000  0.00000  0.00000  0.00000 0.00000  0.00000 

