  20.35914  0.00000  0.00000  0.00000  0.00000  0.00000 0.00000  0.00000 
  40.71828  0.00000  0.00000  0.00000  0.00000  0.00000 0.00000  0.00000 
  61.07741  0.00000  0.00000  0.00000  0.00000  0.00000 0.00000  0.00000 
  81.43655  0.00000  0.00000  0.00000  0.00000  0.00000 0.00000  0.00000 
  101.79569  0.00000  0.00000  0.00000  0.00000  0.00000 0.00000  0.00000 
  122.15483  0.00000  0.00000  0.00000  0.00000  0.00000 0.00000  0.00000 
  142.51396  0.00000  0.00000  0.00000  0.00000  0.00000 0.00000  0.00000 
  162.87310  0.00000  0.00000  0.00000  0.00000  0.00000 0.00000  0.00000 
  183.23224  0.00000  0.00000  0.00000  0.00000  0.00000 0.00000  0.00000 
  203.59138  0.00000  0.00000  0.00000  0.00000  0.00000 0.00000  0.00000 
  223.95051  21.43129  6.07570  0.00000  20.09611  0.00000 62.57126  65.19288 
  244.30965  51.45989  2.12073  0.00000  29.84362  13.85422 200.31411  98.76077 
  264.66879  0.00000  0.00000  21.63745  11.85691  11.45012 0.00000  0.00000 
  285.02793  1.10996  23.22666  13.21452  13.11262  11.14331 25.65726  0.00000 
  305.38706  0.00000  0.00000  0.00000  0.00000  4.05903 51.49299  24.17456 
  325.74620  29.49698  12.27829  70.73623  28.33223  31.52013 69.16429  45.30181 
  346.10534  12.89921  20.59563  17.89320  13.95594  28.61993 43.29120  34.01496 
  366.46448  20.62701  8.03502  0.00000  19.25192  61.73976 76.73658  39.59886 
  386.82361  12.41515  7.24420  23.65625  3.24197  51.14480 32.29016  38.69536 
  407.18275  26.41499  20.28890  29.21074  17.74931  64.38244 53.62320  55.19884 
  427.54189  0.00000  0.00000  43.29623  0.00000  0.00000 0.40263  38.44630 
  447.90103  7.60616  8.55515  27.13462  3.59742  24.37323 23.37645  51.49979 
  468.26016  9.98511  32.99446  26.55992  0.70712  19.02125 24.91410  59.36795 
  488.61930  41.57964  63.52940  54.75278  12.85735  95.08504 40.28477  97.37708 
  508.97844  53.69645  0.00000  0.00000  92.15717  101.47897 111.20987  142.49575 
  529.33758  5.67724  23.97843  24.68700  13.22008  36.83520 16.28869  42.62629 
  549.69671  0.00000  0.07075  30.61417  15.24477  45.21177 30.83985  0.00000 
  570.05585  9.20708  11.17810  27.71915  7.86897  40.31959 31.68794  55.81560 
  590.41499  4.29205  11.59611  50.20627  10.28597  17.91901 38.59277  13.86464 
  610.77413  4.70091  16.09197  38.48481  5.40344  21.13345 35.29142  25.87831 
  631.13326  6.49519  24.05073  44.46425  0.00000  23.80663 22.97495  35.11807 
  651.49240  0.00000  6.63329  32.70710  13.55047  14.70832 12.75122  26.23400 
  671.85154  8.21027  10.71448  39.42945  14.60480  17.42537 36.33725  32.84220 
  692.21068  0.00000  9.03726  42.74144  5.23668  20.23544 0.00000  20.34858 
  712.56981  13.26097  15.68511  61.66225  7.49029  9.63347 45.82489  35.40137 
  732.92895  15.35569  22.10740  64.27570  16.12508  25.54086 18.37000  40.37880 
  753.28809  11.05765  0.81591  87.41243  6.36279  27.72876 17.32836  19.89352 
  773.64723  23.60591  17.99967  135.69070  13.67986  36.15410 10.45476  19.38441 
  794.00636  30.22495  35.05870  139.44102  14.71360  27.52254 22.89573  31.97834 
  814.36550  5.76066  16.80802  13.66315  15.51534  16.04455 19.21616  42.10905 
  834.72464  0.00000  12.77981  0.00000  8.65324  19.73571 13.07919  33.07653 
  855.08378  4.55733  21.98912  12.16945  15.54964  20.93168 21.04636  24.49708 
  875.44292  7.44254  10.40129  36.18648  16.26558  17.82256 23.90136  30.43224 
  895.80205  3.66674  16.85735  36.96798  9.71782  23.74660 2.75482  23.82503 
  916.16119  17.18496  21.67615  54.32619  15.19155  38.61308 16.10004  50.58672 
  936.52033  13.26069  22.80102  41.36853  12.34384  25.57317 8.84957  63.52687 
  956.87947  17.38103  18.71332  57.53451  13.53029  32.27356 31.37899  47.26928 
  977.23860  2.21762  7.30059  35.86731  0.00000  36.24806 28.86729  2.95117 
  997.59774  53.73190  0.00000  296.50559  31.46237  32.08310 34.22127  25.45273 
  1017.95690  22.18917  24.40471  32.66371  53.34441  30.29962 25.50780  62.13311 
  1038.31600  9.87317  35.75094  5.76442  36.25354  33.55465 23.06846  17.95009 
  1058.67520  6.54805  22.28215  15.04331  25.27009  31.36804 19.12498  17.18751 
  1079.03430  17.17851  28.69922  23.43411  29.82446  59.68887 23.65842  26.63848 
  1099.39340  21.72365  22.86616  36.36719  34.21774  44.17725 33.24030  46.23044 
  1119.75260  15.45544  31.02512  51.36916  19.19253  52.01200 18.19226  5.58352 
  1140.11170  14.69875  36.06797  26.24090  40.65558  16.38686 29.41291  21.95497 
  1160.47080  9.14923  36.66712  17.45275  20.34430  22.17097 27.47380  11.19778 
  1180.83000  22.07514  68.40598  37.36060  31.84671  19.38045 24.83485  28.91835 
  1201.18910  23.76336  34.38280  9.98193  27.51620  60.62642 54.38016  31.87342 
  1221.54830  46.67898  46.52782  31.50489  35.42073  179.25791 28.86666  32.56139 
  1241.90740  14.49557  36.24807  32.95094  35.02065  14.98951 0.00000  39.71447 
  1262.26650  14.17028  54.61174  16.29069  19.62215  8.41595 24.17547  30.84592 
  1282.62570  12.53172  26.40593  4.54706  45.86215  0.00000 13.63000  50.67541 
  1302.98480  8.04371  49.93928  16.59910  3.41085  0.80110 10.46525  29.54412 
  1323.34390  17.26055  59.35696  20.96200  13.03600  12.70897 19.13142  37.43261 
  1343.70310  26.50087  92.87724  14.12883  13.40705  17.36035 29.99479  46.86878 
  1364.06220  88.71919  226.06034  18.76810  36.77966  42.69292 75.86900  184.34416 
  1384.42140  52.52215  152.48533  7.34587  23.53904  8.36023 115.75523  56.41345 
  1404.78050  0.00000  0.00000  8.82927  20.89012  10.96906 4.08691  0.55811 
  1425.13960  2.54875  0.91890  11.37673  24.21879  15.32731 0.00000  6.39948 
  1445.49880  7.00819  6.71662  11.06444  27.94146  11.06196 8.93442  16.82331 
  1465.85790  14.20186  15.18162  16.26368  33.60797  24.36514 7.96623  25.86392 
  1486.21700  16.58292  19.48761  18.94787  42.35159  12.65484 10.85149  30.78583 
  1506.57620  36.70491  75.58706  22.92006  59.23403  33.81943 28.45574  33.33920 
  1526.93530  17.67694  2.37926  13.90237  45.16083  7.99142 8.79843  58.49973 
  1547.29450  0.00000  1.69769  0.00000  17.72514  6.59750 2.19438  0.00000 
  1567.65360  7.26326  12.02549  9.93462  30.67349  4.88854 2.46472  12.78146 
  1588.01270  31.43647  26.34002  9.61153  144.60761  19.96874 16.09385  2.15997 
  1608.37190  16.73449  40.57097  7.74934  39.98422  12.09671 5.92591  25.21668 
  1628.73100  17.93428  30.38676  9.46332  52.84161  15.03302 8.84283  23.14907 
  1649.09010  30.61944  45.42335  15.41073  82.26573  40.94961 13.47090  19.28133 
  1669.44930  12.37590  0.00000  12.62352  51.95351  27.19562 5.10465  11.43721 
  1689.80840  3.47891  16.73630  5.21306  6.89328  0.00000 10.57832  16.33598 
  1710.16760  4.09953  14.10169  15.11932  2.31722  5.12956 3.00076  20.32895 
  1730.52670  11.73912  11.45282  17.27213  25.42112  24.04085 7.15965  21.00527 
  1750.88580  10.63925  23.36905  9.87660  21.10800  9.50119 11.17145  25.24318 
  1771.24500  13.10208  17.09295  12.35806  26.94250  16.88573 8.40369  33.88029 
  1791.60410  23.41469  56.43952  12.24240  11.32176  4.70179 15.77387  77.47639 
  1811.96320  7.78163  3.75135  3.52511  0.00000  11.36635 4.08748  61.94390 
  1832.32240  1.77271  8.89691  6.86164  5.27376  5.72762 9.93253  11.69269 
  1852.68150  2.75226  10.88821  8.34478  9.80502  6.37842 8.47122  10.13927 
  1873.04070  4.46770  17.19658  9.82606  6.83934  9.85763 6.79579  13.56860 
  1893.39980  4.11809  8.12375  11.83080  7.95501  6.68380 15.74101  11.41647 
  1913.75890  4.21110  11.59523  8.56894  14.26214  7.44441 9.81499  10.38765 
  1934.11810  4.43915  14.35220  9.46601  9.79066  6.93846 10.12566  12.53317 
  1954.47720  5.36571  10.86070  12.22027  12.61008  8.20888 9.90334  14.72670 
  1974.83630  6.97719  14.96635  11.06619  19.04146  8.28259 10.58933  14.01744 
  1995.19550  6.08770  16.36378  12.20138  8.16328  8.50147 12.88302  14.27796 
  2015.55460  2.92146  10.63547  0.00000  8.27669  9.05220 12.92278  12.27074 
  2035.91380  4.22618  9.01894  3.16995  9.01705  10.31640 14.51519  14.63284 
  2056.27290  5.76370  8.94487  6.63493  7.53038  10.07676 21.35304  15.03953 
  2076.63200  1.31733  7.65720  6.24120  9.78667  6.65071 0.00000  12.24961 
  2096.99120  3.84698  10.07922  4.40694  11.64569  10.48831 9.00156  11.67046 
  2117.35030  3.14161  8.01087  6.39990  14.38119  4.52710 6.66730  12.60256 
  2137.70940  3.72066  11.24390  5.42006  11.43719  8.15440 6.04392  13.29269 
  2158.06860  3.62491  9.72931  5.35612  11.88277  8.17503 6.55328  12.85001 
  2178.42770  3.84650  11.35752  4.57294  11.50921  7.01035 7.67768  13.27731 
  2198.78690  3.24523  9.20660  4.77920  10.43117  8.00783 7.33630  11.56523 
  2219.14600  3.08057  10.81717  4.94285  7.27054  8.49102 6.37744  11.96831 
  2239.50510  4.35444  10.33384  5.31393  13.73485  8.35291 7.34484  11.95905 
  2259.86430  3.99006  10.71186  5.14709  11.19593  7.85464 7.19366  12.27894 
  2280.22340  4.81387  9.72707  5.50587  13.85741  8.96564 8.87938  11.91851 
  2300.58250  3.87530  9.99419  5.80932  6.94776  7.28738 11.08158  11.63114 
  2320.94170  2.32151  9.08167  4.92719  6.22758  8.56582 4.00205  10.15325 
  2341.30080  2.56529  9.43661  5.21304  8.10875  7.10370 4.92598  9.16110 
  2361.66000  3.08221  9.55523  4.71033  7.69970  7.55308 6.23727  10.82402 
  2382.01910  3.87006  9.15788  4.52175  11.03542  9.82161 6.78627  9.51270 
  2402.37820  3.37612  9.98611  4.63056  7.15067  9.74215 6.02443  9.86696 
  2422.73740  3.64176  8.33700  4.42436  6.90384  10.90039 8.17987  9.77827 
  2443.09650  4.04614  8.62556  3.64766  7.77816  16.03263 4.64886  9.74605 
  2463.45560  4.33940  8.99023  4.43082  7.55760  15.61056 5.20237  9.97579 
  2483.81480  5.24076  9.41866  3.54155  6.37614  21.68091 5.88978  9.79747 
  2504.17390  1.65316  9.12960  4.05322  7.07978  1.52658 5.36850  7.55017 
  2524.53310  2.03478  9.52348  3.89590  7.82490  0.69032 6.07749  8.51436 
  2544.89220  2.03316  8.57683  4.44721  7.02864  5.45862 3.54350  6.99085 
  2565.25130  1.91571  9.90886  3.96315  6.38534  3.81186 5.59677  5.20392 
  2585.61050  3.16369  9.92179  4.10359  7.04895  5.45432 6.70921  8.64881 
  2605.96960  2.21250  7.97260  4.13447  7.13272  1.50114 5.52120  9.44633 
  2626.32870  1.95146  8.49965  3.09765  7.42740  2.59200 4.31575  7.73868 
  2646.68790  2.17543  7.73103  2.18322  8.56776  4.26902 3.99332  7.79956 
  2667.04700  2.04265  9.27107  3.06377  4.69336  4.02141 4.67177  7.55476 
  2687.40620  2.67622  8.67670  3.23180  5.32871  5.61244 5.99017  7.76665 
  2707.76530  3.05489  11.15372  2.30616  6.98934  6.24281 4.31946  7.39601 
  2728.12440  4.31726  16.37149  2.35080  6.78500  8.94765 3.83200  7.22372 
  2748.48360  0.59747  0.00000  1.93051  5.94309  5.22605 3.23085  6.39029 
  2768.84270  1.05203  3.13067  2.37920  5.51512  1.91074 4.49348  7.43609 
  2789.20180  1.25619  4.55249  2.34923  5.85093  3.60260 3.32147  5.83072 
  2809.56100  1.03424  5.69794  2.23574  4.36859  0.86376 4.12960  6.29729 
  2829.92010  1.73955  5.74908  2.65544  6.45877  1.78622 4.18413  6.40828 
  2850.27930  1.86575  6.61659  2.31407  6.86430  3.29292 2.86604  5.46231 
  2870.63840  1.46241  7.79342  1.61029  5.02118  0.00000 3.60896  6.37956 
  2890.99750  0.61690  4.53861  1.78425  2.88759  2.11933 2.96572  4.43284 
  2911.35670  0.84009  2.80678  1.64129  3.64924  2.21525 4.02098  5.12191 
  2931.71580  1.28904  5.14453  1.91138  3.57152  2.00386 3.70410  5.20182 
  2952.07490  1.84993  6.27489  1.58951  4.64761  3.45212 2.81119  5.51520 
  2972.43410  0.66242  2.03202  1.45538  3.87960  1.71981 2.84866  4.61798 
  2992.79320  1.56901  4.07067  1.46270  4.99873  2.10602 3.16784  5.57502 
  3013.15240  1.45936  5.72792  1.63392  3.22783  2.88558 3.66953  2.96633 
  3033.51150  0.50099  1.65749  1.77503  4.07286  2.27919 1.95690  2.00740 
  3053.87060  1.30952  4.10305  1.19328  3.20485  1.28012 2.89512  5.31163 
  3074.22980  0.64786  2.08391  1.26319  2.42613  2.11429 0.88021  4.63838 
  3094.58890  1.28733  2.74879  1.22995  3.16119  1.05728 3.41294  5.02083 
  3114.94800  0.00000  2.63294  1.35846  2.14009  1.14358 0.25660  0.76330 
  3135.30720  0.94464  3.76819  1.15798  3.01887  1.53898 1.08684  2.99274 
  3155.66630  1.14862  1.97300  1.15531  4.72404  1.30261 1.63015  3.60312 
  3176.02550  0.99569  2.90668  0.84451  3.10981  2.07615 1.79758  2.33674 
  3196.38460  0.00832  1.61785  1.21102  0.00000  0.84719 1.76964  1.30233 
  3216.74370  0.43830  2.01828  0.89898  1.46930  1.27302 1.33401  1.88075 
  3237.10290  0.66535  2.23214  0.85866  2.50962  1.19615 1.15011  1.83635 
  3257.46200  0.45496  1.91238  0.85836  1.07434  1.18212 1.27251  1.76743 
  3277.82110  0.58591  1.27010  0.84889  1.74259  1.11164 1.53761  1.88835 
  3298.18030  0.49988  1.82089  0.74392  1.36340  0.86622 1.04062  1.59446 
  3318.53940  0.23630  0.44772  0.56241  1.61851  1.49394 0.18085  1.09100 
  3338.89860  0.24138  0.02897  0.63094  1.80992  0.90863 0.44906  1.14375 
  3359.25770  0.11923  0.43151  0.54036  0.87790  0.12014 0.60938  1.20551 
  3379.61680  0.36896  0.55462  0.64930  1.12598  0.56148 0.97964  0.95863 
  3399.97600  0.33782  0.41990  0.37051  1.26422  0.72640 0.65714  0.75099 
  3420.33510  0.31415  0.59754  0.40952  0.94867  0.35072 0.72233  0.56480 
  3440.69420  0.11444  0.22703  0.40850  0.68784  0.34707 0.22258  0.04872 
  3461.05340  0.09014  0.04936  0.49770  0.00000  0.00000 0.46633  0.32894 
  3481.41250  0.00000  0.02741  0.00000  0.00000  0.03783 0.10534  0.15270 
  3501.77170  0.00000  0.00000  0.00000  0.00000  0.00000 0.00000  0.00000 

